2017-07-28 17:38:46,225 INFO o.a.j.u.JMeterUtils: Setting Locale to en_US
2017-07-28 17:38:46,241 INFO o.a.j.JMeter: Loading user properties from: /usr/local/Cellar/jmeter/3.2/libexec/bin/user.properties
2017-07-28 17:38:46,241 INFO o.a.j.JMeter: Loading system properties from: /usr/local/Cellar/jmeter/3.2/libexec/bin/system.properties
2017-07-28 17:38:46,248 INFO o.a.j.JMeter: Copyright (c) 1998-2017 The Apache Software Foundation
2017-07-28 17:38:46,248 INFO o.a.j.JMeter: Version 3.2 r1790748
2017-07-28 17:38:46,248 INFO o.a.j.JMeter: java.version=1.8.0_144
2017-07-28 17:38:46,248 INFO o.a.j.JMeter: java.vm.name=Java HotSpot(TM) 64-Bit Server VM
2017-07-28 17:38:46,249 INFO o.a.j.JMeter: os.name=Mac OS X
2017-07-28 17:38:46,249 INFO o.a.j.JMeter: os.arch=x86_64
2017-07-28 17:38:46,249 INFO o.a.j.JMeter: os.version=10.12.4
2017-07-28 17:38:46,249 INFO o.a.j.JMeter: file.encoding=UTF-8
2017-07-28 17:38:46,249 INFO o.a.j.JMeter: Max memory     =536870912
2017-07-28 17:38:46,249 INFO o.a.j.JMeter: Available Processors =8
2017-07-28 17:38:46,256 INFO o.a.j.JMeter: Default Locale=English (United States)
2017-07-28 17:38:46,256 INFO o.a.j.JMeter: JMeter  Locale=English (United States)
2017-07-28 17:38:46,257 INFO o.a.j.JMeter: JMeterHome=/usr/local/Cellar/jmeter/3.2/libexec
2017-07-28 17:38:46,257 INFO o.a.j.JMeter: user.dir  =/Users/ken/code/rails/toy_app
2017-07-28 17:38:46,257 INFO o.a.j.JMeter: PWD       =/Users/ken/code/rails/toy_app
2017-07-28 17:38:51,265 INFO o.a.j.JMeter: IP: 192.168.0.33 Name: Kens-MacBook-Pro.local FullName: 192.168.0.33
2017-07-28 17:38:55,245 INFO o.a.j.g.a.LookAndFeelCommand: Using look and feel: com.apple.laf.AquaLookAndFeel [Mac OS X, System]
2017-07-28 17:38:55,252 INFO o.a.j.JMeter: Loaded icon properties from org/apache/jmeter/images/icon.properties
2017-07-28 17:38:55,821 INFO o.a.j.e.u.CompoundVariable: Note: Function class names must contain the string: '.functions.'
2017-07-28 17:38:55,821 INFO o.a.j.e.u.CompoundVariable: Note: Function class names must not contain the string: '.gui.'
2017-07-28 17:38:56,693 INFO o.a.j.g.u.MenuFactory: Skipping org.apache.jmeter.assertions.BSFAssertion
2017-07-28 17:38:57,397 INFO o.a.j.g.u.MenuFactory: Skipping org.apache.jmeter.extractor.BSFPostProcessor
2017-07-28 17:38:57,433 INFO o.a.j.g.u.MenuFactory: Skipping org.apache.jmeter.modifiers.BSFPreProcessor
2017-07-28 17:38:57,467 INFO o.a.j.p.h.s.HTTPSamplerBase: Parser for text/html is org.apache.jmeter.protocol.http.parser.LagartoBasedHtmlParser
2017-07-28 17:38:57,467 INFO o.a.j.p.h.s.HTTPSamplerBase: Parser for application/xhtml+xml is org.apache.jmeter.protocol.http.parser.LagartoBasedHtmlParser
2017-07-28 17:38:57,467 INFO o.a.j.p.h.s.HTTPSamplerBase: Parser for application/xml is org.apache.jmeter.protocol.http.parser.LagartoBasedHtmlParser
2017-07-28 17:38:57,467 INFO o.a.j.p.h.s.HTTPSamplerBase: Parser for text/xml is org.apache.jmeter.protocol.http.parser.LagartoBasedHtmlParser
2017-07-28 17:38:57,468 INFO o.a.j.p.h.s.HTTPSamplerBase: Parser for text/vnd.wap.wml is org.apache.jmeter.protocol.http.parser.RegexpHTMLParser
2017-07-28 17:38:57,468 INFO o.a.j.p.h.s.HTTPSamplerBase: Parser for text/css is org.apache.jmeter.protocol.http.parser.CssParser
2017-07-28 17:38:57,896 INFO o.a.j.e.KeyToolUtils: keytool found at 'keytool'
2017-07-28 17:38:57,897 INFO o.a.j.p.h.p.ProxyControl: HTTP(S) Test Script Recorder SSL Proxy will use keys that support embedded 3rd party resources in file /usr/local/Cellar/jmeter/3.2/libexec/bin/proxyserver.jks
2017-07-28 17:38:58,042 INFO o.a.j.g.u.MenuFactory: Skipping org.apache.jmeter.protocol.java.sampler.BSFSampler
2017-07-28 17:38:58,080 INFO o.a.j.s.FileServer: Default base='/Users/ken/code/rails/toy_app'
2017-07-28 17:38:58,177 INFO o.a.j.g.u.MenuFactory: Skipping org.apache.jmeter.protocol.mongodb.config.MongoSourceElement
2017-07-28 17:38:58,178 INFO o.a.j.g.u.MenuFactory: Skipping org.apache.jmeter.protocol.mongodb.sampler.MongoScriptSampler
2017-07-28 17:38:58,310 INFO o.a.j.g.u.MenuFactory: Skipping org.apache.jmeter.timers.BSFTimer
2017-07-28 17:38:58,337 INFO o.a.j.g.u.MenuFactory: Skipping org.apache.jmeter.visualizers.BSFListener
2017-07-28 17:38:58,488 INFO o.a.j.s.SampleResult: Note: Sample TimeStamps are START times
2017-07-28 17:38:58,489 INFO o.a.j.s.SampleResult: sampleresult.default.encoding is set to ISO-8859-1
2017-07-28 17:38:58,489 INFO o.a.j.s.SampleResult: sampleresult.useNanoTime=true
2017-07-28 17:38:58,489 INFO o.a.j.s.SampleResult: sampleresult.nanoThreadSleep=5000
